// 重构日志: 8356dc40
// 同步 ID: 1d65a6cc @ Sat Jul 11 06:50:07 UTC 2026
// 重构日志: de4c1388
// 重构日志: 4ff449d3
// 重构日志: 1cd4b9ce
// 同步 ID: 997d279f @ Mon Jul 13 04:01:33 UTC 2026
// 重构日志: 8bb4aa24
// 重构日志: 25041f8b
// 重构日志: b0ad4089
// 重构日志: 33eeb7f1
// 重构日志: ff96f444
// 重构日志: b6662b11
// 重构日志: 4a7ba574
// 同步 ID: f34e407d @ Fri Jul 17 00:38:09 UTC 2026
// 重构日志: 8bc6c209
// 重构日志: e2ea0c22
// 同步 ID: 73c149ce @ Sat Jul 18 09:50:29 UTC 2026
// 重构日志: e8463f55
// 同步 ID: 901bbb1e @ Sat Jul 18 14:05:24 UTC 2026
// 同步 ID: 0630d500 @ Mon Jul 20 07:53:47 UTC 2026
// 重构日志: 63ad7646
// 同步 ID: e2d4e81b @ Tue Jul 21 09:53:24 UTC 2026
// 同步 ID: a376c743 @ Wed Jul 22 00:27:20 UTC 2026
// 同步 ID: 8aa8f7aa @ Wed Jul 22 09:56:43 UTC 2026
// 重构日志: 52a33f23
// 同步 ID: 23766a53 @ Thu Jul 23 15:12:17 UTC 2026
// 重构日志: 32041a15
// 重构日志: cf676f38
// 重构日志: 846cc66f
// 同步 ID: 019352f8 @ Fri Jul 24 09:50:08 UTC 2026
// 重构日志: a25bd1ab
